0 info it worked if it ends with ok
1 verbose cli [ 'C:\\Program Files (x86)\\nodejs\\node.exe',
1 verbose cli   'C:\\Users\\Henrik\\AppData\\Roaming\\npm\\node_modules\\npm\\bin\\npm-cli.js',
1 verbose cli   'start' ]
2 info using npm@3.10.5
3 info using node@v6.1.0
4 verbose run-script [ 'prestart', 'start', 'poststart' ]
5 info lifecycle backend@1.0.0~prestart: backend@1.0.0
6 silly lifecycle backend@1.0.0~prestart: no script for prestart, continuing
7 info lifecycle backend@1.0.0~start: backend@1.0.0
8 verbose lifecycle backend@1.0.0~start: unsafe-perm in lifecycle true
9 verbose lifecycle backend@1.0.0~start: PATH: C:\Users\Henrik\AppData\Roaming\npm\node_modules\npm\bin\node-gyp-bin;C:\Users\Henrik\Source\Repos\Ilmomasiina\backend\node_modules\.bin;C:\Program Files (x86)\nodejs;C:\Users\Henrik\AppData\Roaming\npm\node_modules\npm\bin\node-gyp-bin;C:\Users\Henrik\Source\Repos\Ilmomasiina\node_modules\.bin;C:\Program Files (x86)\nodejs;C:\VulkanSDK\1.0.8.0\Bin;C:\ProgramData\Oracle\Java\javapath;C:\Python34\;C:\Python34\Scripts;C:\Windows\system32;C:\Windows;C:\Windows\System32\Wbem;C:\Windows\System32\WindowsPowerShell\v1.0\;C:\Program Files\Microsoft SQL Server\110\Tools\Binn\;C:\Program Files\Microsoft SQL Server\120\Tools\Binn\;C:\Program Files\Microsoft\Web Platform Installer\;C:\Program Files (x86)\MiKTeX 2.9\miktex\bin\;C:\Program Files (x86)\GnuWin32\bin;C:\WINDOWS\system32;C:\WINDOWS;C:\WINDOWS\System32\Wbem;C:\WINDOWS\System32\WindowsPowerShell\v1.0\;C:\Users\Henrik\.dnx\bin;C:\Program Files\Microsoft DNX\Dnvm\;C:\Program Files (x86)\GtkSharp\2.12\bin;C:\Program Files (x86)\Windows Kits\10\Windows Performance Toolkit\;C:\Program Files (x86)\NVIDIA Corporation\PhysX\Common;C:\Program Files (x86)\nodejs\;C:\Program Files (x86)\Windows Live\Shared;C:\WINDOWS\system32;C:\WINDOWS;C:\WINDOWS\System32\Wbem;C:\WINDOWS\System32\WindowsPowerShell\v1.0\;C:\Program Files (x86)\MSBuild\14.0\Bin;C:\Program Files (x86)\scala\bin;C:\Program Files\OpenVPN\bin;C:\Program Files (x86)\Skype\Phone\;C:\Program Files\Git\cmd;C:\Program Files\Git\mingw64\bin;C:\Program Files\Git\usr\bin;C:\Users\Henrik\.dnx\bin;C:\Program Files (x86)\Git\bin;C:\Users\Henrik\AppData\Local\atom\bin;C:/Program Files/CodeAndWeb/TexturePacker/bin;C:\Users\Henrik\AppData\Roaming\npm;C:\Users\Henrik\AppData\Local\Microsoft\WindowsApps;C:\Program Files\Microsoft VS Code\bin;
10 verbose lifecycle backend@1.0.0~start: CWD: C:\Users\Henrik\Source\Repos\Ilmomasiina\backend
11 silly lifecycle backend@1.0.0~start: Args: [ '/d /s /c', 'gulp develop' ]
12 silly lifecycle backend@1.0.0~start: Returned: code: 1  signal: null
13 info lifecycle backend@1.0.0~start: Failed to exec start script
14 verbose stack Error: backend@1.0.0 start: `gulp develop`
14 verbose stack Exit status 1
14 verbose stack     at EventEmitter.<anonymous> (C:\Users\Henrik\AppData\Roaming\npm\node_modules\npm\lib\utils\lifecycle.js:242:16)
14 verbose stack     at emitTwo (events.js:106:13)
14 verbose stack     at EventEmitter.emit (events.js:191:7)
14 verbose stack     at ChildProcess.<anonymous> (C:\Users\Henrik\AppData\Roaming\npm\node_modules\npm\lib\utils\spawn.js:40:14)
14 verbose stack     at emitTwo (events.js:106:13)
14 verbose stack     at ChildProcess.emit (events.js:191:7)
14 verbose stack     at maybeClose (internal/child_process.js:850:16)
14 verbose stack     at Process.ChildProcess._handle.onexit (internal/child_process.js:215:5)
15 verbose pkgid backend@1.0.0
16 verbose cwd C:\Users\Henrik\Source\Repos\Ilmomasiina\backend
17 error Windows_NT 10.0.16299
18 error argv "C:\\Program Files (x86)\\nodejs\\node.exe" "C:\\Users\\Henrik\\AppData\\Roaming\\npm\\node_modules\\npm\\bin\\npm-cli.js" "start"
19 error node v6.1.0
20 error npm  v3.10.5
21 error code ELIFECYCLE
22 error backend@1.0.0 start: `gulp develop`
22 error Exit status 1
23 error Failed at the backend@1.0.0 start script 'gulp develop'.
23 error Make sure you have the latest version of node.js and npm installed.
23 error If you do, this is most likely a problem with the backend package,
23 error not with npm itself.
23 error Tell the author that this fails on your system:
23 error     gulp develop
23 error You can get information on how to open an issue for this project with:
23 error     npm bugs backend
23 error Or if that isn't available, you can get their info via:
23 error     npm owner ls backend
23 error There is likely additional logging output above.
24 verbose exit [ 1, true ]
